[2025-12-08 12:25:02] production.ERROR: Too few arguments to function Illuminate\Foundation\Configuration\ApplicationBuilder::{closure}(), 1 passed in C:\Users\kimog\Downloads\Compressed\Disito\dsito\vendor\laravel\framework\src\Illuminate\Broadcasting\Broadcasters\Broadcaster.php on line 119 and exactly 2 expected {"userId":2,"exception":"[object] (ArgumentCountError(code: 0): Too few arguments to function Illuminate\\Foundation\\Configuration\\ApplicationBuilder::{closure}(), 1 passed in C:\\Users\\kimog\\Downloads\\Compressed\\Disito\\dsito\\vendor\\laravel\\framework\\src\\Illuminate\\Broadcasting\\Broadcasters\\Broadcaster.php on line 119 and exactly 2 expected at C:\\Users\\kimog\\Downloads\\Compressed\\Disito\\dsito\\routes\\channels.php:17)
[stacktrace]
#0 C:\\Users\\kimog\\Downloads\\Compressed\\Disito\\dsito\\vendor\\laravel\\framework\\src\\Illuminate\\Broadcasting\\Broadcasters\\Broadcaster.php(119): Illuminate\\Foundation\\Configuration\\ApplicationBuilder->{closure}(Object(App\\Models\\Customer))
#1 C:\\Users\\kimog\\Downloads\\Compressed\\Disito\\dsito\\vendor\\laravel\\framework\\src\\Illuminate\\Broadcasting\\Broadcasters\\PusherBroadcaster.php(85): Illuminate\\Broadcasting\\Broadcasters\\Broadcaster->verifyUserCanAccessChannel(Object(Illuminate\\Http\\Request), 'order.1')
#2 C:\\Users\\kimog\\Downloads\\Compressed\\Disito\\dsito\\vendor\\laravel\\framework\\src\\Illuminate\\Broadcasting\\BroadcastManager.php(523): Illuminate\\Broadcasting\\Broadcasters\\PusherBroadcaster->auth(Object(Illuminate\\Http\\Request))
#3 C:\\Users\\kimog\\Downloads\\Compressed\\Disito\\dsito\\vendor\\laravel\\framework\\src\\Illuminate\\Support\\Facades\\Facade.php(358): Illuminate\\Broadcasting\\BroadcastManager->__call('auth', Array)
#4 C:\\Users\\kimog\\Downloads\\Compressed\\Disito\\dsito\\vendor\\laravel\\framework\\src\\Illuminate\\Broadcasting\\BroadcastController.php(24): Illuminate\\Support\\Facades\\Facade::__callStatic('auth', Array)
#5 C:\\Users\\kimog\\Downloads\\Compressed\\Disito\\dsito\\vendor\\laravel\\framework\\src\\Illuminate\\Routing\\Controller.php(54): Illuminate\\Broadcasting\\BroadcastController->authenticate(Object(Illuminate\\Http\\Request))
#6 C:\\Users\\kimog\\Downloads\\Compressed\\Disito\\dsito\\vendor\\laravel\\framework\\src\\Illuminate\\Routing\\ControllerDispatcher.php(43): Illuminate\\Routing\\Controller->callAction('authenticate', Array)
#7 C:\\Users\\kimog\\Downloads\\Compressed\\Disito\\dsito\\vendor\\laravel\\framework\\src\\Illuminate\\Routing\\Route.php(265): Illuminate\\Routing\\ControllerDispatcher->dispatch(Object(Illuminate\\Routing\\Route), Object(Illuminate\\Broadcasting\\BroadcastController), 'authenticate')
#8 C:\\Users\\kimog\\Downloads\\Compressed\\Disito\\dsito\\vendor\\laravel\\framework\\src\\Illuminate\\Routing\\Route.php(211): Illuminate\\Routing\\Route->runController()
#9 C:\\Users\\kimog\\Downloads\\Compressed\\Disito\\dsito\\vendor\\laravel\\framework\\src\\Illuminate\\Routing\\Router.php(808): Illuminate\\Routing\\Route->run()
#10 C:\\Users\\kimog\\Downloads\\Compressed\\Disito\\dsito\\vendor\\laravel\\framework\\src\\Illuminate\\Pipeline\\Pipeline.php(144): Illuminate\\Routing\\Router->Illuminate\\Routing\\{closure}(Object(Illuminate\\Http\\Request))
#11 C:\\Users\\kimog\\Downloads\\Compressed\\Disito\\dsito\\vendor\\laravel\\framework\\src\\Illuminate\\Auth\\Middleware\\Authenticate.php(64): Illuminate\\Pipeline\\Pipeline->Illuminate\\Pipeline\\{closure}(Object(Illuminate\\Http\\Request))
#12 C:\\Users\\kimog\\Downloads\\Compressed\\Disito\\dsito\\vendor\\laravel\\framework\\src\\Illuminate\\Pipeline\\Pipeline.php(183): Illuminate\\Auth\\Middleware\\Authenticate->handle(Object(Illuminate\\Http\\Request), Object(Closure), 'sanctum')
#13 C:\\Users\\kimog\\Downloads\\Compressed\\Disito\\dsito\\app\\Http\\Middleware\\LogBroadcastAuth.php(56): Illuminate\\Pipeline\\Pipeline->Illuminate\\Pipeline\\{closure}(Object(Illuminate\\Http\\Request))
#14 C:\\Users\\kimog\\Downloads\\Compressed\\Disito\\dsito\\vendor\\laravel\\framework\\src\\Illuminate\\Pipeline\\Pipeline.php(183): App\\Http\\Middleware\\LogBroadcastAuth->handle(Object(Illuminate\\Http\\Request), Object(Closure))
#15 C:\\Users\\kimog\\Downloads\\Compressed\\Disito\\dsito\\vendor\\laravel\\framework\\src\\Illuminate\\Pipeline\\Pipeline.php(119): Illuminate\\Pipeline\\Pipeline->Illuminate\\Pipeline\\{closure}(Object(Illuminate\\Http\\Request))
#16 C:\\Users\\kimog\\Downloads\\Compressed\\Disito\\dsito\\vendor\\laravel\\framework\\src\\Illuminate\\Routing\\Router.php(807): Illuminate\\Pipeline\\Pipeline->then(Object(Closure))
#17 C:\\Users\\kimog\\Downloads\\Compressed\\Disito\\dsito\\vendor\\laravel\\framework\\src\\Illuminate\\Routing\\Router.php(786): Illuminate\\Routing\\Router->runRouteWithinStack(Object(Illuminate\\Routing\\Route), Object(Illuminate\\Http\\Request))
#18 C:\\Users\\kimog\\Downloads\\Compressed\\Disito\\dsito\\vendor\\laravel\\framework\\src\\Illuminate\\Routing\\Router.php(750): Illuminate\\Routing\\Router->runRoute(Object(Illuminate\\Http\\Request), Object(Illuminate\\Routing\\Route))
#19 C:\\Users\\kimog\\Downloads\\Compressed\\Disito\\dsito\\vendor\\laravel\\framework\\src\\Illuminate\\Routing\\Router.php(739): Illuminate\\Routing\\Router->dispatchToRoute(Object(Illuminate\\Http\\Request))
#20 C:\\Users\\kimog\\Downloads\\Compressed\\Disito\\dsito\\vendor\\laravel\\framework\\src\\Illuminate\\Foundation\\Http\\Kernel.php(201): Illuminate\\Routing\\Router->dispatch(Object(Illuminate\\Http\\Request))
#21 C:\\Users\\kimog\\Downloads\\Compressed\\Disito\\dsito\\vendor\\laravel\\framework\\src\\Illuminate\\Pipeline\\Pipeline.php(144): Illuminate\\Foundation\\Http\\Kernel->Illuminate\\Foundation\\Http\\{closure}(Object(Illuminate\\Http\\Request))
#22 C:\\Users\\kimog\\Downloads\\Compressed\\Disito\\dsito\\vendor\\livewire\\livewire\\src\\Features\\SupportDisablingBackButtonCache\\DisableBackButtonCacheMiddleware.php(19): Illuminate\\Pipeline\\Pipeline->Illuminate\\Pipeline\\{closure}(Object(Illuminate\\Http\\Request))
#23 C:\\Users\\kimog\\Downloads\\Compressed\\Disito\\dsito\\vendor\\laravel\\framework\\src\\Illuminate\\Pipeline\\Pipeline.php(183): Livewire\\Features\\SupportDisablingBackButtonCache\\DisableBackButtonCacheMiddleware->handle(Object(Illuminate\\Http\\Request), Object(Closure))
#24 C:\\Users\\kimog\\Downloads\\Compressed\\Disito\\dsito\\app\\Http\\Middleware\\SetLocale.php(23): Illuminate\\Pipeline\\Pipeline->Illuminate\\Pipeline\\{closure}(Object(Illuminate\\Http\\Request))
#25 C:\\Users\\kimog\\Downloads\\Compressed\\Disito\\dsito\\vendor\\laravel\\framework\\src\\Illuminate\\Pipeline\\Pipeline.php(183): App\\Http\\Middleware\\SetLocale->handle(Object(Illuminate\\Http\\Request), Object(Closure))
#26 C:\\Users\\kimog\\Downloads\\Compressed\\Disito\\dsito\\vendor\\laravel\\framework\\src\\Illuminate\\Foundation\\Http\\Middleware\\TransformsRequest.php(21): Illuminate\\Pipeline\\Pipeline->Illuminate\\Pipeline\\{closure}(Object(Illuminate\\Http\\Request))
#27 C:\\Users\\kimog\\Downloads\\Compressed\\Disito\\dsito\\vendor\\laravel\\framework\\src\\Illuminate\\Foundation\\Http\\Middleware\\ConvertEmptyStringsToNull.php(31): Illuminate\\Foundation\\Http\\Middleware\\TransformsRequest->handle(Object(Illuminate\\Http\\Request), Object(Closure))
#28 C:\\Users\\kimog\\Downloads\\Compressed\\Disito\\dsito\\vendor\\laravel\\framework\\src\\Illuminate\\Pipeline\\Pipeline.php(183): Illuminate\\Foundation\\Http\\Middleware\\ConvertEmptyStringsToNull->handle(Object(Illuminate\\Http\\Request), Object(Closure))
#29 C:\\Users\\kimog\\Downloads\\Compressed\\Disito\\dsito\\vendor\\laravel\\framework\\src\\Illuminate\\Foundation\\Http\\Middleware\\TransformsRequest.php(21): Illuminate\\Pipeline\\Pipeline->Illuminate\\Pipeline\\{closure}(Object(Illuminate\\Http\\Request))
#30 C:\\Users\\kimog\\Downloads\\Compressed\\Disito\\dsito\\vendor\\laravel\\framework\\src\\Illuminate\\Foundation\\Http\\Middleware\\TrimStrings.php(51): Illuminate\\Foundation\\Http\\Middleware\\TransformsRequest->handle(Object(Illuminate\\Http\\Request), Object(Closure))
#31 C:\\Users\\kimog\\Downloads\\Compressed\\Disito\\dsito\\vendor\\laravel\\framework\\src\\Illuminate\\Pipeline\\Pipeline.php(183): Illuminate\\Foundation\\Http\\Middleware\\TrimStrings->handle(Object(Illuminate\\Http\\Request), Object(Closure))
#32 C:\\Users\\kimog\\Downloads\\Compressed\\Disito\\dsito\\vendor\\laravel\\framework\\src\\Illuminate\\Http\\Middleware\\ValidatePostSize.php(27): Illuminate\\Pipeline\\Pipeline->Illuminate\\Pipeline\\{closure}(Object(Illuminate\\Http\\Request))
#33 C:\\Users\\kimog\\Downloads\\Compressed\\Disito\\dsito\\vendor\\laravel\\framework\\src\\Illuminate\\Pipeline\\Pipeline.php(183): Illuminate\\Http\\Middleware\\ValidatePostSize->handle(Object(Illuminate\\Http\\Request), Object(Closure))
#34 C:\\Users\\kimog\\Downloads\\Compressed\\Disito\\dsito\\vendor\\laravel\\framework\\src\\Illuminate\\Foundation\\Http\\Middleware\\PreventRequestsDuringMaintenance.php(110): Illuminate\\Pipeline\\Pipeline->Illuminate\\Pipeline\\{closure}(Object(Illuminate\\Http\\Request))
#35 C:\\Users\\kimog\\Downloads\\Compressed\\Disito\\dsito\\vendor\\laravel\\framework\\src\\Illuminate\\Pipeline\\Pipeline.php(183): Illuminate\\Foundation\\Http\\Middleware\\PreventRequestsDuringMaintenance->handle(Object(Illuminate\\Http\\Request), Object(Closure))
#36 C:\\Users\\kimog\\Downloads\\Compressed\\Disito\\dsito\\vendor\\laravel\\framework\\src\\Illuminate\\Http\\Middleware\\HandleCors.php(49): Illuminate\\Pipeline\\Pipeline->Illuminate\\Pipeline\\{closure}(Object(Illuminate\\Http\\Request))
#37 C:\\Users\\kimog\\Downloads\\Compressed\\Disito\\dsito\\vendor\\laravel\\framework\\src\\Illuminate\\Pipeline\\Pipeline.php(183): Illuminate\\Http\\Middleware\\HandleCors->handle(Object(Illuminate\\Http\\Request), Object(Closure))
#38 C:\\Users\\kimog\\Downloads\\Compressed\\Disito\\dsito\\vendor\\laravel\\framework\\src\\Illuminate\\Http\\Middleware\\TrustProxies.php(58): Illuminate\\Pipeline\\Pipeline->Illuminate\\Pipeline\\{closure}(Object(Illuminate\\Http\\Request))
#39 C:\\Users\\kimog\\Downloads\\Compressed\\Disito\\dsito\\vendor\\laravel\\framework\\src\\Illuminate\\Pipeline\\Pipeline.php(183): Illuminate\\Http\\Middleware\\TrustProxies->handle(Object(Illuminate\\Http\\Request), Object(Closure))
#40 C:\\Users\\kimog\\Downloads\\Compressed\\Disito\\dsito\\vendor\\laravel\\framework\\src\\Illuminate\\Foundation\\Http\\Middleware\\InvokeDeferredCallbacks.php(22): Illuminate\\Pipeline\\Pipeline->Illuminate\\Pipeline\\{closure}(Object(Illuminate\\Http\\Request))
#41 C:\\Users\\kimog\\Downloads\\Compressed\\Disito\\dsito\\vendor\\laravel\\framework\\src\\Illuminate\\Pipeline\\Pipeline.php(183): Illuminate\\Foundation\\Http\\Middleware\\InvokeDeferredCallbacks->handle(Object(Illuminate\\Http\\Request), Object(Closure))
#42 C:\\Users\\kimog\\Downloads\\Compressed\\Disito\\dsito\\vendor\\laravel\\framework\\src\\Illuminate\\Pipeline\\Pipeline.php(119): Illuminate\\Pipeline\\Pipeline->Illuminate\\Pipeline\\{closure}(Object(Illuminate\\Http\\Request))
#43 C:\\Users\\kimog\\Downloads\\Compressed\\Disito\\dsito\\vendor\\laravel\\framework\\src\\Illuminate\\Foundation\\Http\\Kernel.php(176): Illuminate\\Pipeline\\Pipeline->then(Object(Closure))
#44 C:\\Users\\kimog\\Downloads\\Compressed\\Disito\\dsito\\vendor\\laravel\\framework\\src\\Illuminate\\Foundation\\Http\\Kernel.php(145): Illuminate\\Foundation\\Http\\Kernel->sendRequestThroughRouter(Object(Illuminate\\Http\\Request))
#45 C:\\Users\\kimog\\Downloads\\Compressed\\Disito\\dsito\\vendor\\laravel\\framework\\src\\Illuminate\\Foundation\\Application.php(1190): Illuminate\\Foundation\\Http\\Kernel->handle(Object(Illuminate\\Http\\Request))
#46 C:\\Users\\kimog\\Downloads\\Compressed\\Disito\\dsito\\public\\index.php(17): Illuminate\\Foundation\\Application->handleRequest(Object(Illuminate\\Http\\Request))
#47 C:\\Users\\kimog\\Downloads\\Compressed\\Disito\\dsito\\vendor\\laravel\\framework\\src\\Illuminate\\Foundation\\resources\\server.php(23): require_once('C:\\\\Users\\\\kimog\\\\...')
#48 {main}
"} 
[2025-12-08 13:04:58] production.ERROR: Failed to send SMS {"status":403,"body":"{\"message\":\"Instance (Instance #2181) is not active, please reactivated it from your dashboard.\"}"} 
[2025-12-08 13:08:02] production.INFO: FCM response: {"response":{"Illuminate\\Http\\Client\\Response":"{
  \"error\": {
    \"code\": 400,
    \"message\": \"The registration token is not a valid FCM registration token\",
    \"status\": \"INVALID_ARGUMENT\",
    \"details\": [
      {
        \"@type\": \"type.googleapis.com/google.firebase.fcm.v1.FcmError\",
        \"errorCode\": \"INVALID_ARGUMENT\"
      }
    ]
  }
}
"}} 
[2025-12-08 13:08:02] production.INFO: FCM response: {"response":{"error":{"code":400,"message":"The registration token is not a valid FCM registration token","status":"INVALID_ARGUMENT","details":[{"@type":"type.googleapis.com/google.firebase.fcm.v1.FcmError","errorCode":"INVALID_ARGUMENT"}]}}} 
[2025-12-08 13:08:02] production.INFO: Notification sent successfully: {"response":{"error":{"code":400,"message":"The registration token is not a valid FCM registration token","status":"INVALID_ARGUMENT","details":[{"@type":"type.googleapis.com/google.firebase.fcm.v1.FcmError","errorCode":"INVALID_ARGUMENT"}]}}} 
[2025-12-08 13:08:21] production.INFO: Message broadcast attempted {"message_id":{"App\\Models\\Message":{"order_id":1,"sender_type":"delivery","sender_id":1,"message":"Hi From Driver","updated_at":"2025-12-08T11:08:20.000000Z","created_at":"2025-12-08T11:08:20.000000Z","id":1}}} 
